<?xml version="1.0" encoding="UTF-8"?>
<!-- Generated by org.testng.reporters.JUnitXMLReporter -->
<testsuite ignored="0" hostname="Lenovo-PC" failures="1" tests="4" name="Test" time="201.241" errors="0" timestamp="2025-02-22T22:50:02 IST">
  <testcase classname="Harsh_Project.Selenium_Framework_Harsh.ShopPage_with_framework" name="Mobile_Shop1" time="37.109"/>
  <testcase classname="Harsh_Project.Selenium_Framework_Harsh.ShopPage_with_framework" name="Mobile_Shop1" time="16.033"/>
  <testcase classname="Harsh_Project.Selenium_Framework_Harsh.ShopPage_with_framework" name="Mobile_Shop2" time="16.827"/>
  <testcase classname="Harsh_Project.Selenium_Framework_Harsh.ShopPage2_Fail_TestCase" name="PageShop" time="12.576">
    <failure type="java.lang.AssertionError" message="expected [true] but found [false]">
      <![CDATA[java.lang.AssertionError: expected [true] but found [false]
at Harsh_Project.Selenium_Framework_Harsh.ShopPage2_Fail_TestCase.PageShop(ShopPage2_Fail_TestCase.java:61)
at java.base/java.util.ArrayList.forEach(ArrayList.java:1596)
... Removed 36 stack frames]]>
    </failure>
  </testcase> <!-- PageShop -->
</testsuite> <!-- Test -->
