<?xml version="1.0" encoding="UTF-8"?>
<testng-results ignored="0" total="4" passed="3" failed="1" skipped="0">
  <reporter-output>
  </reporter-output>
  <suite started-at="2025-02-22T22:46:41 IST" name="Suite" finished-at="2025-02-22T22:50:02 IST" duration-ms="201241">
    <groups>
    </groups>
    <test started-at="2025-02-22T22:46:41 IST" name="Test" finished-at="2025-02-22T22:50:02 IST" duration-ms="201241">
      <class name="Harsh_Project.Selenium_Framework_Harsh.ShopPage2_Fail_TestCase">
        <test-method signature="PageShop()[pri:0, instance:Harsh_Project.Selenium_Framework_Harsh.ShopPage2_Fail_TestCase@34a3d150]" started-at="2025-02-22T22:49:50 IST" name="PageShop" finished-at="2025-02-22T22:50:02 IST" duration-ms="12576" status="FAIL">
          <exception class="java.lang.AssertionError">
            <message>
              <![CDATA[expected [true] but found [false]]]>
            </message>
            <full-stacktrace>
              <![CDATA[java.lang.AssertionError: expected [true] but found [false]
at org.testng.Assert.fail(Assert.java:111)
at org.testng.Assert.failNotEquals(Assert.java:1578)
at org.testng.Assert.assertEqualsImpl(Assert.java:150)
at org.testng.Assert.assertEquals(Assert.java:132)
at org.testng.Assert.assertEquals(Assert.java:1067)
at org.testng.Assert.assertEquals(Assert.java:1031)
at org.testng.Assert.assertEquals(Assert.java:1077)
at Harsh_Project.Selenium_Framework_Harsh.ShopPage2_Fail_TestCase.PageShop(ShopPage2_Fail_TestCase.java:61)
at java.base/jdk.internal.reflect.DirectMethodHandleAccessor.invoke(DirectMethodHandleAccessor.java:103)
at java.base/java.lang.reflect.Method.invoke(Method.java:580)
at org.testng.internal.invokers.MethodInvocationHelper.invokeMethod(MethodInvocationHelper.java:141)
at org.testng.internal.invokers.TestInvoker.invokeMethod(TestInvoker.java:686)
at org.testng.internal.invokers.TestInvoker.invokeTestMethod(TestInvoker.java:230)
at org.testng.internal.invokers.MethodRunner.runInSequence(MethodRunner.java:63)
at org.testng.internal.invokers.TestInvoker$MethodInvocationAgent.invoke(TestInvoker.java:992)
at org.testng.internal.invokers.TestInvoker.invokeTestMethods(TestInvoker.java:203)
at org.testng.internal.invokers.TestMethodWorker.invokeTestMethods(TestMethodWorker.java:154)
at org.testng.internal.invokers.TestMethodWorker.run(TestMethodWorker.java:134)
at java.base/java.util.ArrayList.forEach(ArrayList.java:1596)
at org.testng.TestRunner.privateRun(TestRunner.java:739)
at org.testng.TestRunner.run(TestRunner.java:614)
at org.testng.SuiteRunner.runTest(SuiteRunner.java:421)
at org.testng.SuiteRunner.runSequentially(SuiteRunner.java:413)
at org.testng.SuiteRunner.privateRun(SuiteRunner.java:373)
at org.testng.SuiteRunner.run(SuiteRunner.java:312)
at org.testng.SuiteRunnerWorker.runSuite(SuiteRunnerWorker.java:52)
at org.testng.SuiteRunnerWorker.run(SuiteRunnerWorker.java:95)
at org.testng.TestNG.runSuitesSequentially(TestNG.java:1274)
at org.testng.TestNG.runSuitesLocally(TestNG.java:1208)
at org.testng.TestNG.runSuites(TestNG.java:1112)
at org.testng.TestNG.run(TestNG.java:1079)
at org.apache.maven.surefire.testng.TestNGExecutor.run(TestNGExecutor.java:308)
at org.apache.maven.surefire.testng.TestNGXmlTestSuite.execute(TestNGXmlTestSuite.java:71)
at org.apache.maven.surefire.testng.TestNGProvider.invoke(TestNGProvider.java:113)
at org.apache.maven.surefire.booter.ForkedBooter.runSuitesInProcess(ForkedBooter.java:385)
at org.apache.maven.surefire.booter.ForkedBooter.execute(ForkedBooter.java:162)
at org.apache.maven.surefire.booter.ForkedBooter.run(ForkedBooter.java:507)
at org.apache.maven.surefire.booter.ForkedBooter.main(ForkedBooter.java:495)
]]>
            </full-stacktrace>
          </exception> <!-- java.lang.AssertionError -->
          <reporter-output>
          </reporter-output>
        </test-method> <!-- PageShop -->
      </class> <!-- Harsh_Project.Selenium_Framework_Harsh.ShopPage2_Fail_TestCase -->
      <class name="Harsh_Project.Selenium_Framework_Harsh.ShopPage_with_framework">
        <test-method is-config="true" signature="launching_form_filling_page()[pri:0, instance:Harsh_Project.Selenium_Framework_Harsh.ShopPage_with_framework@7e07db1f]" started-at="2025-02-22T22:46:42 IST" name="launching_form_filling_page" finished-at="2025-02-22T22:48:05 IST" duration-ms="82779" status="PASS">
          <reporter-output>
          </reporter-output>
        </test-method> <!-- launching_form_filling_page -->
        <test-method signature="Mobile_Shop1(java.util.HashMap)[pri:0, instance:Harsh_Project.Selenium_Framework_Harsh.ShopPage_with_framework@7e07db1f]" started-at="2025-02-22T22:48:05 IST" name="Mobile_Shop1" data-provider="getData" finished-at="2025-02-22T22:48:42 IST" duration-ms="37109" status="PASS">
          <params>
            <param index="0">
              <value>
                <![CDATA[{name=Harsh Vibhor Singh, country=India, password=thug, mobilename=Nokia Edge, success_message=Success! Thank you! Your order will be delivered in next few weeks :-)., email=thug@tcs.com}]]>
              </value>
            </param>
          </params>
          <reporter-output>
          </reporter-output>
        </test-method> <!-- Mobile_Shop1 -->
        <test-method is-config="true" signature="tearDowwn()[pri:0, instance:Harsh_Project.Selenium_Framework_Harsh.ShopPage_with_framework@7e07db1f]" started-at="2025-02-22T22:48:42 IST" name="tearDowwn" finished-at="2025-02-22T22:48:44 IST" duration-ms="2495" status="PASS">
          <reporter-output>
          </reporter-output>
        </test-method> <!-- tearDowwn -->
        <test-method is-config="true" signature="launching_form_filling_page()[pri:0, instance:Harsh_Project.Selenium_Framework_Harsh.ShopPage_with_framework@7e07db1f]" started-at="2025-02-22T22:48:44 IST" name="launching_form_filling_page" finished-at="2025-02-22T22:49:07 IST" duration-ms="22753" status="PASS">
          <reporter-output>
          </reporter-output>
        </test-method> <!-- launching_form_filling_page -->
        <test-method signature="Mobile_Shop1(java.util.HashMap)[pri:0, instance:Harsh_Project.Selenium_Framework_Harsh.ShopPage_with_framework@7e07db1f]" started-at="2025-02-22T22:49:07 IST" name="Mobile_Shop1" data-provider="getData" finished-at="2025-02-22T22:49:23 IST" duration-ms="16033" status="PASS">
          <params>
            <param index="0">
              <value>
                <![CDATA[{name=Harsh Vibhor Singh, country=China, password=thug, mobilename=Blackberry, success_message=Success! Thank you! Your order will be delivered in next few weeks :-)., email=thug@tcs.com}]]>
              </value>
            </param>
          </params>
          <reporter-output>
          </reporter-output>
        </test-method> <!-- Mobile_Shop1 -->
        <test-method is-config="true" signature="tearDowwn()[pri:0, instance:Harsh_Project.Selenium_Framework_Harsh.ShopPage_with_framework@7e07db1f]" started-at="2025-02-22T22:49:23 IST" name="tearDowwn" finished-at="2025-02-22T22:49:25 IST" duration-ms="1536" status="PASS">
          <reporter-output>
          </reporter-output>
        </test-method> <!-- tearDowwn -->
        <test-method is-config="true" signature="launching_form_filling_page()[pri:0, instance:Harsh_Project.Selenium_Framework_Harsh.ShopPage_with_framework@7e07db1f]" started-at="2025-02-22T22:49:25 IST" name="launching_form_filling_page" finished-at="2025-02-22T22:49:31 IST" duration-ms="6881" status="PASS">
          <reporter-output>
          </reporter-output>
        </test-method> <!-- launching_form_filling_page -->
        <test-method signature="Mobile_Shop2()[pri:0, instance:Harsh_Project.Selenium_Framework_Harsh.ShopPage_with_framework@7e07db1f]" started-at="2025-02-22T22:49:31 IST" name="Mobile_Shop2" finished-at="2025-02-22T22:49:48 IST" duration-ms="16827" status="PASS">
          <reporter-output>
          </reporter-output>
        </test-method> <!-- Mobile_Shop2 -->
        <test-method is-config="true" signature="tearDowwn()[pri:0, instance:Harsh_Project.Selenium_Framework_Harsh.ShopPage_with_framework@7e07db1f]" started-at="2025-02-22T22:49:48 IST" name="tearDowwn" finished-at="2025-02-22T22:49:50 IST" duration-ms="1591" status="PASS">
          <reporter-output>
          </reporter-output>
        </test-method> <!-- tearDowwn -->
      </class> <!-- Harsh_Project.Selenium_Framework_Harsh.ShopPage_with_framework -->
    </test> <!-- Test -->
  </suite> <!-- Suite -->
</testng-results>
